2018-06-12T21:50:35+00:00 INFO DoCapture Response: Array
(
    [headers] => Requests_Utility_CaseInsensitiveDictionary Object
        (
            [data:protected] => Array
                (
                    [date] => Tue, 12 Jun 2018 19:50:35 GMT
                    [server] => Apache
                    [x-slr-retry-api] => DoCapture
                    [x-paypal-operation-name] => DoCapture
                    [x-paypal-api-rc] => 10002
                    [http_x_pp_az_locator] => sandbox.slc
                    [paypal-debug-id] => 64b29fd1284bd
                    [set-cookie] => Array
                        (
                            [0] => X-PP-SILOVER=name%3DSANDBOX3.API.1%26silo_version%3D1880%26app%3Dappdispatcher_apit%26TIME%3D186916955%26HTTP_X_PP_AZ_LOCATOR%3Dsandbox.slc; Expires=Tue, 12 Jun 2018 20:20:35 GMT; domain=.paypal.com; path=/; Secure; HttpOnly
                            [1] => X-PP-SILOVER=; Expires=Thu, 01 Jan 1970 00:00:01 GMT
                        )

                    [content-length] => 288
                    [content-type] => text/plain; charset=utf-8
                )

        )

    [body] => TIMESTAMP=2018%2d06%2d12T19%3a50%3a35Z&CORRELATIONID=64b29fd1284bd&ACK=Failure&VERSION=84%2e0&BUILD=46549960&L_ERRORCODE0=10002&L_SHORTMESSAGE0=Authentication%2fAuthorization%20Failed&L_LONGMESSAGE0=You%20do%20not%20have%20permissions%20to%20make%20this%20API%20call&L_SEVERITYCODE0=Error
    [response] => Array
        (
            [code] => 200
            [message] => OK
        )

    [cookies] => Array
        (
            [0] => WP_Http_Cookie Object
                (
                    [name] => X-PP-SILOVER
                    [value] => 
                    [expires] => 1
                    [path] => /
                    [domain] => api-3t.sandbox.paypal.com
                )

        )

    [filename] => 
    [http_response] => WP_HTTP_Requests_Response Object
        (
            [response:protected] => Requests_Response Object
                (
                    [body] => TIMESTAMP=2018%2d06%2d12T19%3a50%3a35Z&CORRELATIONID=64b29fd1284bd&ACK=Failure&VERSION=84%2e0&BUILD=46549960&L_ERRORCODE0=10002&L_SHORTMESSAGE0=Authentication%2fAuthorization%20Failed&L_LONGMESSAGE0=You%20do%20not%20have%20permissions%20to%20make%20this%20API%20call&L_SEVERITYCODE0=Error
                    [raw] => HTTP/1.1 200 OK
Date: Tue, 12 Jun 2018 19:50:35 GMT
Server: Apache
X-SLR-RETRY-API: DoCapture
X-PAYPAL-OPERATION-NAME: DoCapture
X-PAYPAL-API-RC: 10002
Connection: close
HTTP_X_PP_AZ_LOCATOR: sandbox.slc
Paypal-Debug-Id: 64b29fd1284bd
Set-Cookie: X-PP-SILOVER=name%3DSANDBOX3.API.1%26silo_version%3D1880%26app%3Dappdispatcher_apit%26TIME%3D186916955%26HTTP_X_PP_AZ_LOCATOR%3Dsandbox.slc; Expires=Tue, 12 Jun 2018 20:20:35 GMT; domain=.paypal.com; path=/; Secure; HttpOnly
Set-Cookie: X-PP-SILOVER=; Expires=Thu, 01 Jan 1970 00:00:01 GMT
Content-Length: 288
Content-Type: text/plain; charset=utf-8

TIMESTAMP=2018%2d06%2d12T19%3a50%3a35Z&CORRELATIONID=64b29fd1284bd&ACK=Failure&VERSION=84%2e0&BUILD=46549960&L_ERRORCODE0=10002&L_SHORTMESSAGE0=Authentication%2fAuthorization%20Failed&L_LONGMESSAGE0=You%20do%20not%20have%20permissions%20to%20make%20this%20API%20call&L_SEVERITYCODE0=Error
                    [headers] => Requests_Response_Headers Object
                        (
                            [data:protected] => Array
                                (
                                    [date] => Array
                                        (
                                            [0] => Tue, 12 Jun 2018 19:50:35 GMT
                                        )

                                    [server] => Array
                                        (
                                            [0] => Apache
                                        )

                                    [x-slr-retry-api] => Array
                                        (
                                            [0] => DoCapture
                                        )

                                    [x-paypal-operation-name] => Array
                                        (
                                            [0] => DoCapture
                                        )

                                    [x-paypal-api-rc] => Array
                                        (
                                            [0] => 10002
                                        )

                                    [http_x_pp_az_locator] => Array
                                        (
                                            [0] => sandbox.slc
                                        )

                                    [paypal-debug-id] => Array
                                        (
                                            [0] => 64b29fd1284bd
                                        )

                                    [set-cookie] => Array
                                        (
                                            [0] => X-PP-SILOVER=name%3DSANDBOX3.API.1%26silo_version%3D1880%26app%3Dappdispatcher_apit%26TIME%3D186916955%26HTTP_X_PP_AZ_LOCATOR%3Dsandbox.slc; Expires=Tue, 12 Jun 2018 20:20:35 GMT; domain=.paypal.com; path=/; Secure; HttpOnly
                                            [1] => X-PP-SILOVER=; Expires=Thu, 01 Jan 1970 00:00:01 GMT
                                        )

                                    [content-length] => Array
                                        (
                                            [0] => 288
                                        )

                                    [content-type] => Array
                                        (
                                            [0] => text/plain; charset=utf-8
                                        )

                                )

                        )

                    [status_code] => 200
                    [protocol_version] => 1.1
                    [success] => 1
                    [redirects] => 0
                    [url] => https://api-3t.sandbox.paypal.com/nvp
                    [history] => Array
                        (
                        )

                    [cookies] => Requests_Cookie_Jar Object
                        (
                            [cookies:protected] => Array
                                (
                                    [X-PP-SILOVER] => Requests_Cookie Object
                                        (
                                            [name] => X-PP-SILOVER
                                            [value] => 
                                            [attributes] => Requests_Utility_CaseInsensitiveDictionary Object
                                                (
                                                    [data:protected] => Array
                                                        (
                                                            [expires] => 1
                                                            [domain] => api-3t.sandbox.paypal.com
                                                            [path] => /
                                                        )

                                                )

                                            [flags] => Array
                                                (
                                                    [creation] => 1528833035
                                                    [last-access] => 1528833035
                                                    [persistent] => 
                                                    [host-only] => 1
                                                )

                                            [reference_time] => 1528833035
                                        )

                                )

                        )

                )

            [filename:protected] => 
            [data] => 
            [headers] => 
            [status] => 
        )

)

2018-06-12T21:50:35+00:00 INFO Capture Result: stdClass Object
(
    [TIMESTAMP] => 2018-06-12T19:50:35Z
    [CORRELATIONID] => 64b29fd1284bd
    [ACK] => Failure
    [VERSION] => 84.0
    [BUILD] => 46549960
    [L_ERRORCODE0] => 10002
    [L_SHORTMESSAGE0] => Authentication/Authorization Failed
    [L_LONGMESSAGE0] => You do not have permissions to make this API call
    [L_SEVERITYCODE0] => Error
)

